<?xml version="1.0" encoding="UTF-8"?>
<!-- Generated by org.testng.reporters.JUnitReportReporter -->
<testsuite skipped="0" hostname="infoway38" name="question1.demo2" tests="3" failures="0" timestamp="28 Dec 2019 15:06:01 GMT" time="15.791" errors="0">
  <testcase name="openBrowser" time="15.237" classname="question1.demo2"/>
  <testcase name="Remove" time="0.151" classname="question1.demo2"/>
  <testcase name="Search" time="0.403" classname="question1.demo2"/>
</testsuite> <!-- question1.demo2 -->
