<?xml version="1.0" encoding="UTF-8"?>
<!-- Generated by org.testng.reporters.JUnitReportReporter -->
<testsuite skipped="0" hostname="infoway38" name="question1.Demo" tests="2" failures="0" timestamp="28 Dec 2019 15:03:26 GMT" time="16.166" errors="0">
  <testcase name="openBrowser" time="15.869" classname="question1.Demo"/>
  <testcase name="signIn" time="0.297" classname="question1.Demo"/>
</testsuite> <!-- question1.Demo -->
